platforms/tempPlugin/social_share/build/intermediates/manifest_merge_blame_file/release/manifest-merger-blame-release-report.txt
1<?xml version="1.0" encoding="utf-8"?>
2<manifest xmlns:android="http://schemas.android.com/apk/res/android"
3    package="org.nativescript.social_share"
4    android:versionCode="1"
5    android:versionName="1.0" >
6
7    <uses-sdk android:targetSdkVersion="26" />
7-->src\main\AndroidManifest.xml
8
9    <application>
9-->src\main\AndroidManifest.xml:3:3-7:17
10        <provider
10-->src\main\AndroidManifest.xml:4:5-6:16
11            android:name="android.support.v4.content.FileProvider"
11-->src\main\AndroidManifest.xml:4:15-69
12            android:authorities="${applicationId}.provider"
12-->src\main\AndroidManifest.xml:4:70-117
13            android:exported="false"
13-->src\main\AndroidManifest.xml:4:118-142
14            android:grantUriPermissions="true" >
14-->src\main\AndroidManifest.xml:4:143-177
15            <meta-data
15-->src\main\AndroidManifest.xml:5:7-109
16                android:name="android.support.FILE_PROVIDER_PATHS"
16-->src\main\AndroidManifest.xml:5:18-68
17                android:resource="@xml/provider_paths" />
17-->src\main\AndroidManifest.xml:5:69-107
18        </provider>
19    </application>
20
21</manifest>